Release 13.4 - xst O.87xd (nt64)
Copyright (c) 1995-2011 Xilinx, Inc.  All rights reserved.
--> Parameter TMPDIR set to xst/projnav.tmp


Total REAL time to Xst completion: 0.00 secs
Total CPU time to Xst completion: 0.58 secs
 
--> Parameter xsthdpdir set to xst


Total REAL time to Xst completion: 0.00 secs
Total CPU time to Xst completion: 0.58 secs
 
--> Reading design: TopFsm.prj

TABLE OF CONTENTS
  1) Synthesis Options Summary
  2) HDL Compilation
  3) Design Hierarchy Analysis
  4) HDL Analysis
  5) HDL Synthesis
     5.1) HDL Synthesis Report
  6) Advanced HDL Synthesis
     6.1) Advanced HDL Synthesis Report
  7) Low Level Synthesis
  8) Partition Report
  9) Final Report
	9.1) Device utilization summary
	9.2) Partition Resource Summary
	9.3) TIMING REPORT


=========================================================================
*                      Synthesis Options Summary                        *
=========================================================================
---- Source Parameters
Input File Name                    : "TopFsm.prj"
Input Format                       : mixed
Ignore Synthesis Constraint File   : NO

---- Target Parameters
Output File Name                   : "TopFsm"
Output Format                      : NGC
Target Device                      : xc3s100e-5-cp132

---- Source Options
Top Module Name                    : TopFsm
Automatic FSM Extraction           : YES
FSM Encoding Algorithm             : Auto
Safe Implementation                : No
FSM Style                          : LUT
RAM Extraction                     : Yes
RAM Style                          : Auto
ROM Extraction                     : Yes
Mux Style                          : Auto
Decoder Extraction                 : YES
Priority Encoder Extraction        : Yes
Shift Register Extraction          : YES
Logical Shifter Extraction         : YES
XOR Collapsing                     : YES
ROM Style                          : Auto
Mux Extraction                     : Yes
Resource Sharing                   : YES
Asynchronous To Synchronous        : NO
Multiplier Style                   : Auto
Automatic Register Balancing       : No

---- Target Options
Add IO Buffers                     : YES
Global Maximum Fanout              : 500
Add Generic Clock Buffer(BUFG)     : 24
Register Duplication               : YES
Slice Packing                      : YES
Optimize Instantiated Primitives   : NO
Use Clock Enable                   : Yes
Use Synchronous Set                : Yes
Use Synchronous Reset              : Yes
Pack IO Registers into IOBs        : Auto
Equivalent register Removal        : YES

---- General Options
Optimization Goal                  : Speed
Optimization Effort                : 1
Keep Hierarchy                     : No
Netlist Hierarchy                  : As_Optimized
RTL Output                         : Yes
Global Optimization                : AllClockNets
Read Cores                         : YES
Write Timing Constraints           : NO
Cross Clock Analysis               : NO
Hierarchy Separator                : /
Bus Delimiter                      : <>
Case Specifier                     : Maintain
Slice Utilization Ratio            : 100
BRAM Utilization Ratio             : 100
Verilog 2001                       : YES
Auto BRAM Packing                  : NO
Slice Utilization Ratio Delta      : 5

=========================================================================


=========================================================================
*                          HDL Compilation                              *
=========================================================================
Compiling vhdl file "C:/Users/sab/Desktop/ACE203Labs/lab2/lab2_2/singlepulsegen.vhd" in Library work.
Architecture behavioral of Entity singlepulsegen is up to date.
Compiling vhdl file "C:/Users/sab/Desktop/ACE203Labs/lab2/lab2_2/Fsm.vhd" in Library work.
Architecture behavioral of Entity fsm is up to date.
Compiling vhdl file "C:/Users/sab/Desktop/ACE203Labs/lab2/lab2_2/TopFsm.vhd" in Library work.
Entity <topfsm> compiled.
Entity <topfsm> (Architecture <behavioral>) compiled.

=========================================================================
*                     Design Hierarchy Analysis                         *
=========================================================================
Analyzing hierarchy for entity <TopFsm> in library <work> (architecture <behavioral>).

Analyzing hierarchy for entity <singlepulsegen> in library <work> (architecture <behavioral>).

Analyzing hierarchy for entity <Fsm> in library <work> (architecture <behavioral>).


=========================================================================
*                            HDL Analysis                               *
=========================================================================
Analyzing Entity <TopFsm> in library <work> (Architecture <behavioral>).
Entity <TopFsm> analyzed. Unit <TopFsm> generated.

Analyzing Entity <singlepulsegen> in library <work> (Architecture <behavioral>).
Entity <singlepulsegen> analyzed. Unit <singlepulsegen> generated.

Analyzing Entity <Fsm> in library <work> (Architecture <behavioral>).
Entity <Fsm> analyzed. Unit <Fsm> generated.


=========================================================================
*                           HDL Synthesis                               *
=========================================================================

Performing bidirectional port resolution...

Synthesizing Unit <singlepulsegen>.
    Related source file is "C:/Users/sab/Desktop/ACE203Labs/lab2/lab2_2/singlepulsegen.vhd".
    Found finite state machine <FSM_0> for signal <currentS>.
    -----------------------------------------------------------------------
    | States             | 3                                              |
    | Transitions        | 5                                              |
    | Inputs             | 1                                              |
    | Outputs            | 1                                              |
    | Clock              | clk                       (rising_edge)        |
    | Reset              | rst                       (positive)           |
    | Reset type         | asynchronous                                   |
    | Reset State        | s0                                             |
    | Power Up State     | s0                                             |
    | Encoding           | automatic                                      |
    | Implementation     | LUT                                            |
    -----------------------------------------------------------------------
    Summary:
	inferred   1 Finite State Machine(s).
Unit <singlepulsegen> synthesized.


Synthesizing Unit <Fsm>.
    Related source file is "C:/Users/sab/Desktop/ACE203Labs/lab2/lab2_2/Fsm.vhd".
WARNING:Xst:647 - Input <IN2> is never used. This port will be preserved and left unconnected if it belongs to a top-level block or it belongs to a sub-block and the hierarchy of this sub-block is preserved.
    Found finite state machine <FSM_1> for signal <CURRENTS>.
    -----------------------------------------------------------------------
    | States             | 3                                              |
    | Transitions        | 9                                              |
    | Inputs             | 2                                              |
    | Outputs            | 8                                              |
    | Clock              | CLK                       (rising_edge)        |
    | Reset              | RST                       (positive)           |
    | Reset type         | asynchronous                                   |
    | Reset State        | a                                              |
    | Power Up State     | a                                              |
    | Encoding           | automatic                                      |
    | Implementation     | LUT                                            |
    -----------------------------------------------------------------------
    Summary:
	inferred   1 Finite State Machine(s).
Unit <Fsm> synthesized.


Synthesizing Unit <TopFsm>.
    Related source file is "C:/Users/sab/Desktop/ACE203Labs/lab2/lab2_2/TopFsm.vhd".
Unit <TopFsm> synthesized.


=========================================================================
HDL Synthesis Report

Found no macro
=========================================================================

=========================================================================
*                       Advanced HDL Synthesis                          *
=========================================================================

Analyzing FSM <FSM_1> for best encoding.
Optimizing FSM <TOP_FSM/CURRENTS/FSM> on signal <CURRENTS[1:2]> with user encoding.
-------------------
 State | Encoding
-------------------
 a     | 00
 b     | 01
 c     | 10
-------------------
Analyzing FSM <FSM_0> for best encoding.
Optimizing FSM <PUSH0/currentS/FSM> on signal <currentS[1:3]> with one-hot encoding.
Optimizing FSM <PUSH1/currentS/FSM> on signal <currentS[1:3]> with one-hot encoding.
Optimizing FSM <PUSH2/currentS/FSM> on signal <currentS[1:3]> with one-hot encoding.
-------------------
 State | Encoding
-------------------
 s0    | 001
 s1    | 010
 s2    | 100
-------------------
WARNING:Xst:1290 - Hierarchical block <PUSH2> is unconnected in block <TopFsm>.
   It will be removed from the design.

=========================================================================
Advanced HDL Synthesis Report

Macro Statistics
# FSMs                                                 : 2

=========================================================================

=========================================================================
*                         Low Level Synthesis                           *
=========================================================================
WARNING:Xst:2677 - Node <PUSH2/currentS_FSM_FFd3> of sequential type is unconnected in block <TopFsm>.
WARNING:Xst:2677 - Node <PUSH2/currentS_FSM_FFd2> of sequential type is unconnected in block <TopFsm>.

Optimizing unit <TopFsm> ...

Mapping all equations...
Building and optimizing final netlist ...
Found area constraint ratio of 100 (+ 5) on block TopFsm, actual ratio is 0.

Final Macro Processing ...

=========================================================================
Final Register Report

Macro Statistics
# Registers                                            : 6
 Flip-Flops                                            : 6

=========================================================================

=========================================================================
*                           Partition Report                            *
=========================================================================

Partition Implementation Status
-------------------------------

  No Partitions were found in this design.

-------------------------------

=========================================================================
*                            Final Report                               *
=========================================================================
Final Results
RTL Top Level Output File Name     : TopFsm.ngr
Top Level Output File Name         : TopFsm
Output Format                      : NGC
Optimization Goal                  : Speed
Keep Hierarchy                     : No

Design Statistics
# IOs                              : 13

Cell Usage :
# BELS                             : 8
#      INV                         : 2
#      LUT2                        : 4
#      LUT4                        : 2
# FlipFlops/Latches                : 6
#      FDC                         : 4
#      FDP                         : 2
# Clock Buffers                    : 1
#      BUFGP                       : 1
# IO Buffers                       : 11
#      IBUF                        : 3
#      OBUF                        : 8
=========================================================================

Device utilization summary:
---------------------------

Selected Device : 3s100ecp132-5 

 Number of Slices:                        4  out of    960     0%  
 Number of Slice Flip Flops:              6  out of   1920     0%  
 Number of 4 input LUTs:                  8  out of   1920     0%  
 Number of IOs:                          13
 Number of bonded IOBs:                  12  out of     83    14%  
 Number of GCLKs:                         1  out of     24     4%  

---------------------------
Partition Resource Summary:
---------------------------

  No Partitions were found in this design.

---------------------------


=========================================================================
TIMING REPORT

NOTE: THESE TIMING NUMBERS ARE ONLY A SYNTHESIS ESTIMATE.
      FOR ACCURATE TIMING INFORMATION PLEASE REFER TO THE TRACE REPORT
      GENERATED AFTER PLACE-and-ROUTE.

Clock Information:
------------------
-----------------------------------+------------------------+-------+
Clock Signal                       | Clock buffer(FF name)  | Load  |
-----------------------------------+------------------------+-------+
CLK                                | BUFGP                  | 6     |
-----------------------------------+------------------------+-------+

Asynchronous Control Signals Information:
----------------------------------------
-----------------------------------+------------------------+-------+
Control Signal                     | Buffer(FF name)        | Load  |
-----------------------------------+------------------------+-------+
RST                                | IBUF                   | 6     |
-----------------------------------+------------------------+-------+

Timing Summary:
---------------
Speed Grade: -5

   Minimum period: 1.997ns (Maximum Frequency: 500.663MHz)
   Minimum input arrival time before clock: 2.518ns
   Maximum output required time after clock: 5.245ns
   Maximum combinational path delay: No path found

Timing Detail:
--------------
All values displayed in nanoseconds (ns)

=========================================================================
Timing constraint: Default period analysis for Clock 'CLK'
  Clock period: 1.997ns (frequency: 500.663MHz)
  Total number of paths / destination ports: 12 / 6
-------------------------------------------------------------------------
Delay:               1.997ns (Levels of Logic = 1)
  Source:            PUSH0/currentS_FSM_FFd2 (FF)
  Destination:       TOP_FSM/CURRENTS_FSM_FFd1 (FF)
  Source Clock:      CLK rising
  Destination Clock: CLK rising

  Data Path: PUSH0/currentS_FSM_FFd2 to TOP_FSM/CURRENTS_FSM_FFd1
                                Gate     Net
    Cell:in->out      fanout   Delay   Delay  Logical Name (Net Name)
    ----------------------------------------  ------------
     FDC:C->Q              3   0.514   0.603  PUSH0/currentS_FSM_FFd2 (PUSH0/currentS_FSM_FFd2)
     LUT4:I0->O            1   0.612   0.000  TOP_FSM/CURRENTS_FSM_FFd2-In1 (TOP_FSM/CURRENTS_FSM_FFd2-In)
     FDC:D                     0.268          TOP_FSM/CURRENTS_FSM_FFd2
    ----------------------------------------
    Total                      1.997ns (1.394ns logic, 0.603ns route)
                                       (69.8% logic, 30.2% route)

=========================================================================
Timing constraint: Default OFFSET IN BEFORE for Clock 'CLK'
  Total number of paths / destination ports: 4 / 4
-------------------------------------------------------------------------
Offset:              2.518ns (Levels of Logic = 2)
  Source:            IN1 (PAD)
  Destination:       PUSH1/currentS_FSM_FFd3 (FF)
  Destination Clock: CLK rising

  Data Path: IN1 to PUSH1/currentS_FSM_FFd3
                                Gate     Net
    Cell:in->out      fanout   Delay   Delay  Logical Name (Net Name)
    ----------------------------------------  ------------
     IBUF:I->O             2   1.106   0.532  IN1_IBUF (IN1_IBUF)
     LUT2:I0->O            1   0.612   0.000  PUSH1/currentS_FSM_FFd3-In1 (PUSH1/currentS_FSM_FFd3-In)
     FDP:D                     0.268          PUSH1/currentS_FSM_FFd3
    ----------------------------------------
    Total                      2.518ns (1.986ns logic, 0.532ns route)
                                       (78.9% logic, 21.1% route)

=========================================================================
Timing constraint: Default OFFSET OUT AFTER for Clock 'CLK'
  Total number of paths / destination ports: 8 / 8
-------------------------------------------------------------------------
Offset:              5.245ns (Levels of Logic = 2)
  Source:            TOP_FSM/CURRENTS_FSM_FFd1 (FF)
  Destination:       LED<7> (PAD)
  Source Clock:      CLK rising

  Data Path: TOP_FSM/CURRENTS_FSM_FFd1 to LED<7>
                                Gate     Net
    Cell:in->out      fanout   Delay   Delay  Logical Name (Net Name)
    ----------------------------------------  ------------
     FDC:C->Q              3   0.514   0.451  TOP_FSM/CURRENTS_FSM_FFd1 (TOP_FSM/CURRENTS_FSM_FFd1)
     INV:I->O              4   0.612   0.499  TOP_FSM/CURRENTS_FSM_Out11_INV_0 (LED_0_OBUF)
     OBUF:I->O                 3.169          LED_7_OBUF (LED<7>)
    ----------------------------------------
    Total                      5.245ns (4.295ns logic, 0.950ns route)
                                       (81.9% logic, 18.1% route)

=========================================================================


Total REAL time to Xst completion: 11.00 secs
Total CPU time to Xst completion: 11.20 secs
 
--> 

Total memory usage is 252932 kilobytes

Number of errors   :    0 (   0 filtered)
Number of warnings :    4 (   0 filtered)
Number of infos    :    0 (   0 filtered)

